<?xml version="1.0" encoding="UTF-8" standalone="yes"?>
<ns2:test-suite start="1467979206830" stop="1467979277720" version="1.4.22" xmlns:ns2="urn:model.allure.qatools.yandex.ru">
    <name>Login Suite : Login and info change test[date=100, gender=female, pass=2342925dan, surname=Педько, name=Михаил, midname=Васильевич, email=patvers@gmail.com]</name>
    <title>Login Suite : Login and info change test[date=100, gender=female, pass=2342925dan, surname=Педько, name=Михаил, midname=Васильевич, email=patvers@gmail.com]</title>
    <test-cases>
        <test-case start="1467979211151" stop="1467979217115" status="passed">
            <name>openPage</name>
            <steps>
                <step start="1467979211385" stop="1467979217106" status="passed">
                    <name>openPage</name>
                    <title>Opening mane page</title>
                    <attachments/>
                    <steps/>
                </step>
            </steps>
            <attachments/>
            <labels>
                <label name="story" value="Logging and changing basic user info"/>
                <label name="feature" value="Log In"/>
                <label name="host" value="SATTVA"/>
                <label name="thread" value="25072@SATTVA.main(1)"/>
            </labels>
        </test-case>
        <test-case start="1467979217185" stop="1467979219386" status="passed">
            <name>pressLogInBtn</name>
            <steps>
                <step start="1467979217190" stop="1467979219385" status="passed">
                    <name>clickLogInBtn</name>
                    <title>Proceeding to login page</title>
                    <attachments/>
                    <steps/>
                </step>
            </steps>
            <attachments/>
            <labels>
                <label name="story" value="Logging and changing basic user info"/>
                <label name="feature" value="Log In"/>
                <label name="host" value="SATTVA"/>
                <label name="thread" value="25072@SATTVA.main(1)"/>
            </labels>
        </test-case>
        <test-case start="1467979219397" stop="1467979219677" status="passed">
            <name>typeEmail[patvers@gmail.com]</name>
            <steps>
                <step start="1467979219400" stop="1467979219677" status="passed">
                    <name>typeEmail[patvers@gmail.com]</name>
                    <title>Typing user email</title>
                    <attachments/>
                    <steps/>
                </step>
            </steps>
            <attachments/>
            <labels>
                <label name="story" value="Logging and changing basic user info"/>
                <label name="feature" value="Log In"/>
                <label name="host" value="SATTVA"/>
                <label name="thread" value="25072@SATTVA.main(1)"/>
            </labels>
        </test-case>
        <test-case start="1467979219682" stop="1467979219902" status="passed">
            <name>typePass[2342925dan]</name>
            <steps>
                <step start="1467979219684" stop="1467979219902" status="passed">
                    <name>typePass[2342925dan]</name>
                    <title>Typing user password</title>
                    <attachments/>
                    <steps/>
                </step>
            </steps>
            <attachments/>
            <labels>
                <label name="story" value="Logging and changing basic user info"/>
                <label name="feature" value="Log In"/>
                <label name="host" value="SATTVA"/>
                <label name="thread" value="25072@SATTVA.main(1)"/>
            </labels>
        </test-case>
        <test-case start="1467979219904" stop="1467979226768" status="passed">
            <name>clickProceedLogInBtn</name>
            <steps>
                <step start="1467979219906" stop="1467979226768" status="passed">
                    <name>clickProceedLogInBtn</name>
                    <title>Logging in</title>
                    <attachments/>
                    <steps/>
                </step>
            </steps>
            <attachments/>
            <labels>
                <label name="story" value="Logging and changing basic user info"/>
                <label name="feature" value="Log In"/>
                <label name="host" value="SATTVA"/>
                <label name="thread" value="25072@SATTVA.main(1)"/>
            </labels>
        </test-case>
        <test-case start="1467979226775" stop="1467979231467" status="passed">
            <name>proceedToProfilePage</name>
            <steps>
                <step start="1467979226784" stop="1467979231467" status="passed">
                    <name>clickProfilePageBtn</name>
                    <title>Opening profile page</title>
                    <attachments/>
                    <steps/>
                </step>
            </steps>
            <attachments/>
            <labels>
                <label name="story" value="Logging and changing basic user info"/>
                <label name="feature" value="Log In"/>
                <label name="host" value="SATTVA"/>
                <label name="thread" value="25072@SATTVA.main(1)"/>
            </labels>
        </test-case>
        <test-case start="1467979231473" stop="1467979232845" status="passed">
            <name>changeNames[Михаил,Педько,Васильевич]</name>
            <steps>
                <step start="1467979231476" stop="1467979232845" status="passed">
                    <name>typeNames[Михаил, Педько, Васильевич]</name>
                    <title>Changing user name, surname and midname to : Михаил, Педько, Васильевич</title>
                    <attachments>
                        <attachment title="[Михаил, Педько, Васильевич]" source="21c85477-96d8-462d-9a13-85d3e0031d94-attachment.txt" type="text/plain"/>
                    </attachments>
                    <steps/>
                </step>
            </steps>
            <attachments/>
            <labels>
                <label name="story" value="Logging and changing basic user info"/>
                <label name="feature" value="Log In"/>
                <label name="host" value="SATTVA"/>
                <label name="thread" value="25072@SATTVA.main(1)"/>
            </labels>
        </test-case>
        <test-case start="1467979232850" stop="1467979233024" status="passed">
            <name>changeGender[female]</name>
            <steps>
                <step start="1467979232853" stop="1467979233024" status="passed">
                    <name>chooseGender[female]</name>
                    <title>Changing user gender to : female</title>
                    <attachments/>
                    <steps/>
                </step>
            </steps>
            <attachments/>
            <labels>
                <label name="story" value="Logging and changing basic user info"/>
                <label name="feature" value="Log In"/>
                <label name="host" value="SATTVA"/>
                <label name="thread" value="25072@SATTVA.main(1)"/>
            </labels>
        </test-case>
        <test-case start="1467979233027" stop="1467979264495" status="broken">
            <name>changeDate[100]</name>
            <failure>
                <message>NoSuchElementException: no such element: Unable to locate element: {"method":"xpath","selector":"//td/a[contains(text(), 100)]"}
  (Session info: chrome=52.0.2743.60)
  (Driver info: chromedriver=2.21.371459 (36d3d07f660ff2bc1bf28a75d1cdabed0983e7c4),platform=Windows NT 6.1 SP1 x86_64) (WARNING: The server did not provide any stacktrace information)
Command duration or timeout: 30.08 seconds
For documentation on this error, please visit: http://seleniumhq.org/exceptions/no_such_element.html
Build info: version: '2.53.0', revision: '35ae25b1534ae328c771e0856c93e187490ca824', time: '2016-03-15 10:43:46'
System info: host: 'SATTVA', ip: '192.168.56.1', os.name: 'Windows 7', os.arch: 'amd64', os.version: '6.1', java.version: '1.8.0_71'
Driver info: org.openqa.selenium.chrome.ChromeDriver
Capabilities [{applicationCacheEnabled=false, rotatable=false, mobileEmulationEnabled=false, chrome={chromedriverVersion=2.21.371459 (36d3d07f660ff2bc1bf28a75d1cdabed0983e7c4), userDataDir=C:\Users\DAN\AppData\Local\Temp\scoped_dir38788_22544}, takesHeapSnapshot=true, databaseEnabled=false, handlesAlerts=true, hasTouchScreen=false, version=52.0.2743.60, platform=XP, browserConnectionEnabled=false, nativeEvents=true, acceptSslCerts=true, locationContextEnabled=true, webStorageEnabled=true, browserName=chrome, takesScreenshot=true, javascriptEnabled=true, cssSelectorsEnabled=true}]
Session ID: 320555f5845ab510ba6717c792d7c874
*** Element info: {Using=xpath, value=//td/a[contains(text(), 100)]}</message>
                <stack-trace>org.openqa.selenium.NoSuchElementException: no such element: Unable to locate element: {"method":"xpath","selector":"//td/a[contains(text(), 100)]"}
  (Session info: chrome=52.0.2743.60)
  (Driver info: chromedriver=2.21.371459 (36d3d07f660ff2bc1bf28a75d1cdabed0983e7c4),platform=Windows NT 6.1 SP1 x86_64) (WARNING: The server did not provide any stacktrace information)
Command duration or timeout: 30.08 seconds
For documentation on this error, please visit: http://seleniumhq.org/exceptions/no_such_element.html
Build info: version: '2.53.0', revision: '35ae25b1534ae328c771e0856c93e187490ca824', time: '2016-03-15 10:43:46'
System info: host: 'SATTVA', ip: '192.168.56.1', os.name: 'Windows 7', os.arch: 'amd64', os.version: '6.1', java.version: '1.8.0_71'
Driver info: org.openqa.selenium.chrome.ChromeDriver
Capabilities [{applicationCacheEnabled=false, rotatable=false, mobileEmulationEnabled=false, chrome={chromedriverVersion=2.21.371459 (36d3d07f660ff2bc1bf28a75d1cdabed0983e7c4), userDataDir=C:\Users\DAN\AppData\Local\Temp\scoped_dir38788_22544}, takesHeapSnapshot=true, databaseEnabled=false, handlesAlerts=true, hasTouchScreen=false, version=52.0.2743.60, platform=XP, browserConnectionEnabled=false, nativeEvents=true, acceptSslCerts=true, locationContextEnabled=true, webStorageEnabled=true, browserName=chrome, takesScreenshot=true, javascriptEnabled=true, cssSelectorsEnabled=true}]
Session ID: 320555f5845ab510ba6717c792d7c874
*** Element info: {Using=xpath, value=//td/a[contains(text(), 100)]}
	at sun.reflect.NativeConstructorAccessorImpl.newInstance0(Native Method)
	at sun.reflect.NativeConstructorAccessorImpl.newInstance(NativeConstructorAccessorImpl.java:62)
	at sun.reflect.DelegatingConstructorAccessorImpl.newInstance(DelegatingConstructorAccessorImpl.java:45)
	at java.lang.reflect.Constructor.newInstance(Constructor.java:422)
	at org.openqa.selenium.remote.ErrorHandler.createThrowable(ErrorHandler.java:206)
	at org.openqa.selenium.remote.ErrorHandler.throwIfResponseFailed(ErrorHandler.java:158)
	at org.openqa.selenium.remote.RemoteWebDriver.execute(RemoteWebDriver.java:678)
	at org.openqa.selenium.remote.RemoteWebDriver.findElement(RemoteWebDriver.java:363)
	at org.openqa.selenium.remote.RemoteWebDriver.findElementByXPath(RemoteWebDriver.java:500)
	at org.openqa.selenium.By$ByXPath.findElement(By.java:361)
	at org.openqa.selenium.remote.RemoteWebDriver.findElement(RemoteWebDriver.java:355)
	at core.MethodsFact.click(MethodsFact.java:42)
	at pages.LogIn.chooseDate(LogIn.java:75)
	at reg.TestLogIn.changeDate(TestLogIn.java:66)
	at sun.reflect.NativeMethodAccessorImpl.invoke0(Native Method)
	at sun.reflect.NativeMethodAccessorImpl.invoke(NativeMethodAccessorImpl.java:62)
	at sun.reflect.DelegatingMethodAccessorImpl.invoke(DelegatingMethodAccessorImpl.java:43)
	at java.lang.reflect.Method.invoke(Method.java:497)
	at org.testng.internal.MethodInvocationHelper.invokeMethod(MethodInvocationHelper.java:86)
	at org.testng.internal.Invoker.invokeMethod(Invoker.java:643)
	at org.testng.internal.Invoker.invokeTestMethod(Invoker.java:820)
	at org.testng.internal.Invoker.invokeTestMethods(Invoker.java:1128)
	at org.testng.internal.TestMethodWorker.invokeTestMethods(TestMethodWorker.java:129)
	at org.testng.internal.TestMethodWorker.run(TestMethodWorker.java:112)
	at org.testng.TestRunner.privateRun(TestRunner.java:782)
	at org.testng.TestRunner.run(TestRunner.java:632)
	at org.testng.SuiteRunner.runTest(SuiteRunner.java:366)
	at org.testng.SuiteRunner.runSequentially(SuiteRunner.java:361)
	at org.testng.SuiteRunner.privateRun(SuiteRunner.java:319)
	at org.testng.SuiteRunner.run(SuiteRunner.java:268)
	at org.testng.SuiteRunnerWorker.runSuite(SuiteRunnerWorker.java:52)
	at org.testng.SuiteRunnerWorker.run(SuiteRunnerWorker.java:86)
	at org.testng.TestNG.runSuitesSequentially(TestNG.java:1244)
	at org.testng.TestNG.runSuitesLocally(TestNG.java:1169)
	at org.testng.TestNG.run(TestNG.java:1064)
	at org.apache.maven.surefire.testng.TestNGExecutor.run(TestNGExecutor.java:282)
	at org.apache.maven.surefire.testng.TestNGXmlTestSuite.execute(TestNGXmlTestSuite.java:83)
	at org.apache.maven.surefire.testng.TestNGProvider.invoke(TestNGProvider.java:114)
	at org.apache.maven.surefire.booter.ForkedBooter.invokeProviderInSameClassLoader(ForkedBooter.java:286)
	at org.apache.maven.surefire.booter.ForkedBooter.runSuitesInProcess(ForkedBooter.java:240)
	at org.apache.maven.surefire.booter.ForkedBooter.main(ForkedBooter.java:121)
</stack-trace>
            </failure>
            <steps>
                <step start="1467979233030" stop="1467979233366" status="passed">
                    <name>clickCalendar</name>
                    <title>Opening calendar</title>
                </step>
                <step start="1467979233368" stop="1467979263458" status="broken">
                    <name>chooseDate[100]</name>
                    <title>Changing birth date to : 100</title>
                </step>
            </steps>
            <attachments>
                <attachment title="Failure screenshot attachment" source="cf882222-17e5-4e83-9f50-f91cd63610e0-attachment.png" type="image/png"/>
            </attachments>
            <labels>
                <label name="story" value="Logging and changing basic user info"/>
                <label name="feature" value="Log In"/>
                <label name="host" value="SATTVA"/>
                <label name="thread" value="25072@SATTVA.main(1)"/>
            </labels>
        </test-case>
        <test-case start="1467979264499" stop="1467979274889" status="passed">
            <name>clickSaveBtn</name>
            <steps>
                <step start="1467979264502" stop="1467979270304" status="passed">
                    <name>clickSaveBtn</name>
                    <title>Saving profile changes</title>
                    <attachments/>
                    <steps/>
                </step>
                <step start="1467979270306" stop="1467979274889" status="passed">
                    <name>clickProceedSaveBtn</name>
                    <title>Clicking proceed button after saving</title>
                    <attachments/>
                    <steps/>
                </step>
            </steps>
            <attachments/>
            <labels>
                <label name="story" value="Logging and changing basic user info"/>
                <label name="feature" value="Log In"/>
                <label name="host" value="SATTVA"/>
                <label name="thread" value="25072@SATTVA.main(1)"/>
            </labels>
        </test-case>
    </test-cases>
    <labels>
        <label name="framework" value="TestNG"/>
        <label name="language" value="JAVA"/>
    </labels>
</ns2:test-suite>
