<?xml version="1.0" encoding="UTF-8" standalone="yes"?>
<ns2:test-suite start="1468229443036" stop="1468229521335" version="1.4.22" xmlns:ns2="urn:model.allure.qatools.yandex.ru">
    <name>Login Suite : Login and info change test[date=100, gender=female, pass=2342925dan, surname=Педько, name=Михаил, midname=Васильевич, email=patvers@gmail.com]</name>
    <title>Login Suite : Login and info change test[date=100, gender=female, pass=2342925dan, surname=Педько, name=Михаил, midname=Васильевич, email=patvers@gmail.com]</title>
    <test-cases>
        <test-case start="1468229449707" stop="1468229457999" status="passed">
            <name>openPage</name>
            <steps>
                <step start="1468229450009" stop="1468229457991" status="passed">
                    <name>openPage</name>
                    <title>Opening mane page</title>
                    <attachments/>
                    <steps/>
                </step>
            </steps>
            <attachments/>
            <labels>
                <label name="story" value="Logging and changing basic user info"/>
                <label name="feature" value="Log In"/>
                <label name="host" value="SATTVA"/>
                <label name="thread" value="54996@SATTVA.main(1)"/>
            </labels>
        </test-case>
        <test-case start="1468229458012" stop="1468229460697" status="passed">
            <name>pressLogInBtn</name>
            <steps>
                <step start="1468229458018" stop="1468229460697" status="passed">
                    <name>clickLogInBtn</name>
                    <title>Proceeding to login page</title>
                    <attachments/>
                    <steps/>
                </step>
            </steps>
            <attachments/>
            <labels>
                <label name="story" value="Logging and changing basic user info"/>
                <label name="feature" value="Log In"/>
                <label name="host" value="SATTVA"/>
                <label name="thread" value="54996@SATTVA.main(1)"/>
            </labels>
        </test-case>
        <test-case start="1468229460728" stop="1468229461069" status="passed">
            <name>typeEmail[patvers@gmail.com]</name>
            <steps>
                <step start="1468229460742" stop="1468229461069" status="passed">
                    <name>typeEmail[patvers@gmail.com]</name>
                    <title>Typing user email</title>
                    <attachments/>
                    <steps/>
                </step>
            </steps>
            <attachments/>
            <labels>
                <label name="story" value="Logging and changing basic user info"/>
                <label name="feature" value="Log In"/>
                <label name="host" value="SATTVA"/>
                <label name="thread" value="54996@SATTVA.main(1)"/>
            </labels>
        </test-case>
        <test-case start="1468229461073" stop="1468229461470" status="passed">
            <name>typePass[2342925dan]</name>
            <steps>
                <step start="1468229461079" stop="1468229461470" status="passed">
                    <name>typePass[2342925dan]</name>
                    <title>Typing user password</title>
                    <attachments/>
                    <steps/>
                </step>
            </steps>
            <attachments/>
            <labels>
                <label name="story" value="Logging and changing basic user info"/>
                <label name="feature" value="Log In"/>
                <label name="host" value="SATTVA"/>
                <label name="thread" value="54996@SATTVA.main(1)"/>
            </labels>
        </test-case>
        <test-case start="1468229461474" stop="1468229468276" status="passed">
            <name>clickProceedLogInBtn</name>
            <steps>
                <step start="1468229461478" stop="1468229468276" status="passed">
                    <name>clickProceedLogInBtn</name>
                    <title>Logging in</title>
                    <attachments/>
                    <steps/>
                </step>
            </steps>
            <attachments/>
            <labels>
                <label name="story" value="Logging and changing basic user info"/>
                <label name="feature" value="Log In"/>
                <label name="host" value="SATTVA"/>
                <label name="thread" value="54996@SATTVA.main(1)"/>
            </labels>
        </test-case>
        <test-case start="1468229468283" stop="1468229473003" status="passed">
            <name>proceedToProfilePage</name>
            <steps>
                <step start="1468229468286" stop="1468229473003" status="passed">
                    <name>clickProfilePageBtn</name>
                    <title>Opening profile page</title>
                    <attachments/>
                    <steps/>
                </step>
            </steps>
            <attachments/>
            <labels>
                <label name="story" value="Logging and changing basic user info"/>
                <label name="feature" value="Log In"/>
                <label name="host" value="SATTVA"/>
                <label name="thread" value="54996@SATTVA.main(1)"/>
            </labels>
        </test-case>
        <test-case start="1468229473008" stop="1468229474570" status="passed">
            <name>changeNames[Михаил,Педько,Васильевич]</name>
            <steps>
                <step start="1468229473013" stop="1468229474570" status="passed">
                    <name>typeNames[Михаил, Педько, Васильевич]</name>
                    <title>Changing user name, surname and midname to : Михаил, Педько, Васильевич</title>
                    <attachments>
                        <attachment title="[Михаил, Педько, Васильевич]" source="3c3fa983-6b73-4578-8345-f997f1f3f8fc-attachment.txt" type="text/plain"/>
                    </attachments>
                    <steps/>
                </step>
            </steps>
            <attachments/>
            <labels>
                <label name="story" value="Logging and changing basic user info"/>
                <label name="feature" value="Log In"/>
                <label name="host" value="SATTVA"/>
                <label name="thread" value="54996@SATTVA.main(1)"/>
            </labels>
        </test-case>
        <test-case start="1468229474575" stop="1468229474738" status="passed">
            <name>changeGender[female]</name>
            <steps>
                <step start="1468229474578" stop="1468229474737" status="passed">
                    <name>chooseGender[female]</name>
                    <title>Changing user gender to : female</title>
                    <attachments/>
                    <steps/>
                </step>
            </steps>
            <attachments/>
            <labels>
                <label name="story" value="Logging and changing basic user info"/>
                <label name="feature" value="Log In"/>
                <label name="host" value="SATTVA"/>
                <label name="thread" value="54996@SATTVA.main(1)"/>
            </labels>
        </test-case>
        <test-case start="1468229474741" stop="1468229506498" status="broken">
            <name>changeDate[100]</name>
            <failure>
                <message>NoSuchElementException: no such element: Unable to locate element: {"method":"xpath","selector":"//td/a[contains(text(), 100)]"}
  (Session info: chrome=52.0.2743.60)
  (Driver info: chromedriver=2.21.371459 (36d3d07f660ff2bc1bf28a75d1cdabed0983e7c4),platform=Windows NT 6.1 SP1 x86_64) (WARNING: The server did not provide any stacktrace information)
Command duration or timeout: 30.05 seconds
For documentation on this error, please visit: http://seleniumhq.org/exceptions/no_such_element.html
Build info: version: '2.53.0', revision: '35ae25b1534ae328c771e0856c93e187490ca824', time: '2016-03-15 10:43:46'
System info: host: 'SATTVA', ip: '192.168.56.1', os.name: 'Windows 7', os.arch: 'amd64', os.version: '6.1', java.version: '1.8.0_71'
Driver info: org.openqa.selenium.chrome.ChromeDriver
Capabilities [{applicationCacheEnabled=false, rotatable=false, mobileEmulationEnabled=false, chrome={chromedriverVersion=2.21.371459 (36d3d07f660ff2bc1bf28a75d1cdabed0983e7c4), userDataDir=C:\Users\DAN\AppData\Local\Temp\scoped_dir55808_8026}, takesHeapSnapshot=true, databaseEnabled=false, handlesAlerts=true, hasTouchScreen=false, version=52.0.2743.60, platform=XP, browserConnectionEnabled=false, nativeEvents=true, acceptSslCerts=true, locationContextEnabled=true, webStorageEnabled=true, browserName=chrome, takesScreenshot=true, javascriptEnabled=true, cssSelectorsEnabled=true}]
Session ID: 0537f554311e4c0a6a38e99637cbbfc2
*** Element info: {Using=xpath, value=//td/a[contains(text(), 100)]}</message>
                <stack-trace>org.openqa.selenium.NoSuchElementException: no such element: Unable to locate element: {"method":"xpath","selector":"//td/a[contains(text(), 100)]"}
  (Session info: chrome=52.0.2743.60)
  (Driver info: chromedriver=2.21.371459 (36d3d07f660ff2bc1bf28a75d1cdabed0983e7c4),platform=Windows NT 6.1 SP1 x86_64) (WARNING: The server did not provide any stacktrace information)
Command duration or timeout: 30.05 seconds
For documentation on this error, please visit: http://seleniumhq.org/exceptions/no_such_element.html
Build info: version: '2.53.0', revision: '35ae25b1534ae328c771e0856c93e187490ca824', time: '2016-03-15 10:43:46'
System info: host: 'SATTVA', ip: '192.168.56.1', os.name: 'Windows 7', os.arch: 'amd64', os.version: '6.1', java.version: '1.8.0_71'
Driver info: org.openqa.selenium.chrome.ChromeDriver
Capabilities [{applicationCacheEnabled=false, rotatable=false, mobileEmulationEnabled=false, chrome={chromedriverVersion=2.21.371459 (36d3d07f660ff2bc1bf28a75d1cdabed0983e7c4), userDataDir=C:\Users\DAN\AppData\Local\Temp\scoped_dir55808_8026}, takesHeapSnapshot=true, databaseEnabled=false, handlesAlerts=true, hasTouchScreen=false, version=52.0.2743.60, platform=XP, browserConnectionEnabled=false, nativeEvents=true, acceptSslCerts=true, locationContextEnabled=true, webStorageEnabled=true, browserName=chrome, takesScreenshot=true, javascriptEnabled=true, cssSelectorsEnabled=true}]
Session ID: 0537f554311e4c0a6a38e99637cbbfc2
*** Element info: {Using=xpath, value=//td/a[contains(text(), 100)]}
	at sun.reflect.NativeConstructorAccessorImpl.newInstance0(Native Method)
	at sun.reflect.NativeConstructorAccessorImpl.newInstance(NativeConstructorAccessorImpl.java:62)
	at sun.reflect.DelegatingConstructorAccessorImpl.newInstance(DelegatingConstructorAccessorImpl.java:45)
	at java.lang.reflect.Constructor.newInstance(Constructor.java:422)
	at org.openqa.selenium.remote.ErrorHandler.createThrowable(ErrorHandler.java:206)
	at org.openqa.selenium.remote.ErrorHandler.throwIfResponseFailed(ErrorHandler.java:158)
	at org.openqa.selenium.remote.RemoteWebDriver.execute(RemoteWebDriver.java:678)
	at org.openqa.selenium.remote.RemoteWebDriver.findElement(RemoteWebDriver.java:363)
	at org.openqa.selenium.remote.RemoteWebDriver.findElementByXPath(RemoteWebDriver.java:500)
	at org.openqa.selenium.By$ByXPath.findElement(By.java:361)
	at org.openqa.selenium.remote.RemoteWebDriver.findElement(RemoteWebDriver.java:355)
	at core.MethodsFact.click(MethodsFact.java:42)
	at pages.LogIn.chooseDate(LogIn.java:77)
	at reg.TestLogIn.changeDate(TestLogIn.java:66)
	at sun.reflect.NativeMethodAccessorImpl.invoke0(Native Method)
	at sun.reflect.NativeMethodAccessorImpl.invoke(NativeMethodAccessorImpl.java:62)
	at sun.reflect.DelegatingMethodAccessorImpl.invoke(DelegatingMethodAccessorImpl.java:43)
	at java.lang.reflect.Method.invoke(Method.java:497)
	at org.testng.internal.MethodInvocationHelper.invokeMethod(MethodInvocationHelper.java:86)
	at org.testng.internal.Invoker.invokeMethod(Invoker.java:643)
	at org.testng.internal.Invoker.invokeTestMethod(Invoker.java:820)
	at org.testng.internal.Invoker.invokeTestMethods(Invoker.java:1128)
	at org.testng.internal.TestMethodWorker.invokeTestMethods(TestMethodWorker.java:129)
	at org.testng.internal.TestMethodWorker.run(TestMethodWorker.java:112)
	at org.testng.TestRunner.privateRun(TestRunner.java:782)
	at org.testng.TestRunner.run(TestRunner.java:632)
	at org.testng.SuiteRunner.runTest(SuiteRunner.java:366)
	at org.testng.SuiteRunner.runSequentially(SuiteRunner.java:361)
	at org.testng.SuiteRunner.privateRun(SuiteRunner.java:319)
	at org.testng.SuiteRunner.run(SuiteRunner.java:268)
	at org.testng.SuiteRunnerWorker.runSuite(SuiteRunnerWorker.java:52)
	at org.testng.SuiteRunnerWorker.run(SuiteRunnerWorker.java:86)
	at org.testng.TestNG.runSuitesSequentially(TestNG.java:1244)
	at org.testng.TestNG.runSuitesLocally(TestNG.java:1169)
	at org.testng.TestNG.run(TestNG.java:1064)
	at org.testng.IDEARemoteTestNG.run(IDEARemoteTestNG.java:74)
	at org.testng.RemoteTestNGStarter.main(RemoteTestNGStarter.java:121)
	at sun.reflect.NativeMethodAccessorImpl.invoke0(Native Method)
	at sun.reflect.NativeMethodAccessorImpl.invoke(NativeMethodAccessorImpl.java:62)
	at sun.reflect.DelegatingMethodAccessorImpl.invoke(DelegatingMethodAccessorImpl.java:43)
	at java.lang.reflect.Method.invoke(Method.java:497)
	at com.intellij.rt.execution.application.AppMain.main(AppMain.java:144)
</stack-trace>
            </failure>
            <steps>
                <step start="1468229474744" stop="1468229475185" status="passed">
                    <name>clickCalendar</name>
                    <title>Opening calendar</title>
                </step>
                <step start="1468229475187" stop="1468229505318" status="broken">
                    <name>chooseDate[100]</name>
                    <title>Changing birth date to : 100</title>
                </step>
            </steps>
            <attachments>
                <attachment title="Failure screenshot attachment" source="d39e517c-7997-48a6-b0b6-f987dd23aff7-attachment.png" type="image/png"/>
            </attachments>
            <labels>
                <label name="story" value="Logging and changing basic user info"/>
                <label name="feature" value="Log In"/>
                <label name="host" value="SATTVA"/>
                <label name="thread" value="54996@SATTVA.main(1)"/>
            </labels>
        </test-case>
        <test-case start="1468229506500" stop="1468229517480" status="passed">
            <name>clickSaveBtn</name>
            <steps>
                <step start="1468229506503" stop="1468229512594" status="passed">
                    <name>clickSaveBtn</name>
                    <title>Saving profile changes</title>
                    <attachments/>
                    <steps/>
                </step>
                <step start="1468229512597" stop="1468229517479" status="passed">
                    <name>clickProceedSaveBtn</name>
                    <title>Clicking proceed button after saving</title>
                    <attachments/>
                    <steps/>
                </step>
            </steps>
            <attachments/>
            <labels>
                <label name="story" value="Logging and changing basic user info"/>
                <label name="feature" value="Log In"/>
                <label name="host" value="SATTVA"/>
                <label name="thread" value="54996@SATTVA.main(1)"/>
            </labels>
        </test-case>
    </test-cases>
    <labels>
        <label name="framework" value="TestNG"/>
        <label name="language" value="JAVA"/>
    </labels>
</ns2:test-suite>
